c:\users\lcrod\documents\c\game\game\x64\debug\temp\vc142.pdb
c:\users\lcrod\documents\c\game\game\x64\debug\temp\vc142.idb
c:\users\lcrod\documents\c\game\game\x64\debug\temp\logging.nativecodeanalysis.sarif
c:\users\lcrod\documents\c\game\game\x64\debug\temp\logging.nativecodeanalysis.xml
c:\users\lcrod\documents\c\game\game\x64\debug\temp\logging.obj
c:\users\lcrod\documents\c\game\game\x64\debug\temp\main.nativecodeanalysis.sarif
c:\users\lcrod\documents\c\game\game\x64\debug\temp\main.nativecodeanalysis.xml
c:\users\lcrod\documents\c\game\game\x64\debug\temp\main.obj
c:\users\lcrod\documents\c\game\game\x64\debug\game.exe
c:\users\lcrod\documents\c\game\game\x64\debug\temp\game.ilk
c:\users\lcrod\documents\c\game\game\x64\debug\game.pdb
c:\users\lcrod\documents\c\game\game\x64\debug\temp\vc.nativecodeanalysis.all.xml
c:\users\lcrod\documents\c\game\game\x64\debug\temp\game.tlog\cl.command.1.tlog
c:\users\lcrod\documents\c\game\game\x64\debug\temp\game.tlog\cl.read.1.tlog
c:\users\lcrod\documents\c\game\game\x64\debug\temp\game.tlog\cl.write.1.tlog
c:\users\lcrod\documents\c\game\game\x64\debug\temp\game.tlog\link.6004-cvtres.read.1.tlog
c:\users\lcrod\documents\c\game\game\x64\debug\temp\game.tlog\link.6004-cvtres.write.1.tlog
c:\users\lcrod\documents\c\game\game\x64\debug\temp\game.tlog\link.6004-mt.read.1.tlog
c:\users\lcrod\documents\c\game\game\x64\debug\temp\game.tlog\link.6004-mt.write.1.tlog
c:\users\lcrod\documents\c\game\game\x64\debug\temp\game.tlog\link.6004-rc.read.1.tlog
c:\users\lcrod\documents\c\game\game\x64\debug\temp\game.tlog\link.6004-rc.write.1.tlog
c:\users\lcrod\documents\c\game\game\x64\debug\temp\game.tlog\link.6004.read.1.tlog
c:\users\lcrod\documents\c\game\game\x64\debug\temp\game.tlog\link.6004.write.1.tlog
c:\users\lcrod\documents\c\game\game\x64\debug\temp\game.tlog\link.command.1.tlog
c:\users\lcrod\documents\c\game\game\x64\debug\temp\game.tlog\link.read.1.tlog
c:\users\lcrod\documents\c\game\game\x64\debug\temp\game.tlog\link.write.1.tlog
