  Main.c
  Game.vcxproj -> C:\Users\lcrod\Documents\C\Game\Game\x64\Debug\Game.exe
  C:\Users\lcrod\Documents\C\Game\Game\Assets\6x7Font.bmpx
  C:\Users\lcrod\Documents\C\Game\Game\Assets\Assets_MenuChoose.wav
  C:\Users\lcrod\Documents\C\Game\Game\Assets\Assets_MenuSelect.wav
  C:\Users\lcrod\Documents\C\Game\Game\Assets\Chara-Main.png
  C:\Users\lcrod\Documents\C\Game\Game\Assets\Hero_Suit0_Down_Standing.bmpx
  C:\Users\lcrod\Documents\C\Game\Game\Assets\Hero_Suit0_Down_Walk1.bmpx
  C:\Users\lcrod\Documents\C\Game\Game\Assets\Hero_Suit0_Down_Walk2.bmpx
  C:\Users\lcrod\Documents\C\Game\Game\Assets\Hero_Suit0_Left_Standing.bmpx
  C:\Users\lcrod\Documents\C\Game\Game\Assets\Hero_Suit0_Left_Walk1.bmpx
  C:\Users\lcrod\Documents\C\Game\Game\Assets\Hero_Suit0_Left_Walk2.bmpx
  C:\Users\lcrod\Documents\C\Game\Game\Assets\Hero_Suit0_Right_Standing.bmpx
  C:\Users\lcrod\Documents\C\Game\Game\Assets\Hero_Suit0_Right_Walk1.bmpx
  C:\Users\lcrod\Documents\C\Game\Game\Assets\Hero_Suit0_Right_Walk2.bmpx
  C:\Users\lcrod\Documents\C\Game\Game\Assets\Hero_Suit0_Up_Standing.bmpx
  C:\Users\lcrod\Documents\C\Game\Game\Assets\Hero_Suit0_Up_Walk1.bmpx
  C:\Users\lcrod\Documents\C\Game\Game\Assets\Hero_Suit0_Up_Walk2.bmpx
  C:\Users\lcrod\Documents\C\Game\Game\Assets\WIP_Chara-Main.png
  17 File(s) copied
